0 info it worked if it ends with ok
1 verbose cli [ '/usr/local/bin/node',
1 verbose cli   '/usr/local/bin/npm',
1 verbose cli   'run',
1 verbose cli   'webpack-dev' ]
2 info using npm@3.3.6
3 info using node@v5.0.0
4 verbose stack Error: Failed to parse json
4 verbose stack Unexpected token 'd' at 9:4
4 verbose stack   "dependencies": {
4 verbose stack    ^
4 verbose stack     at parseError (/usr/local/lib/node_modules/npm/node_modules/read-package-json/read-json.js:379:11)
4 verbose stack     at parseJson (/usr/local/lib/node_modules/npm/node_modules/read-package-json/read-json.js:68:23)
4 verbose stack     at /usr/local/lib/node_modules/npm/node_modules/read-package-json/read-json.js:48:5
4 verbose stack     at tryToString (evalmachine.<anonymous>:414:3)
4 verbose stack     at FSReqWrap.readFileAfterClose [as oncomplete] (evalmachine.<anonymous>:401:12)
5 verbose cwd /Users/cyu85/dev/gerrit/m911
6 error Darwin 13.4.0
7 error argv "/usr/local/bin/node" "/usr/local/bin/npm" "run" "webpack-dev"
8 error node v5.0.0
9 error npm  v3.3.6
10 error file /Users/cyu85/dev/gerrit/m911/package.json
11 error code EJSONPARSE
12 error Failed to parse json
12 error Unexpected token 'd' at 9:4
12 error   "dependencies": {
12 error    ^
13 error File: /Users/cyu85/dev/gerrit/m911/package.json
14 error Failed to parse package.json data.
14 error package.json must be actual JSON, not just JavaScript.
14 error
14 error This is not a bug in npm.
14 error Tell the package author to fix their package.json file. JSON.parse
15 verbose exit [ 1, true ]
